<?xml version="1.0" encoding="UTF-8"?>
<!-- Generated by org.testng.reporters.JUnitReportReporter -->
<testsuite hostname="machine" failures="0" tests="1" name="hoichoiAutomation.ScreenShot" time="33.279" errors="0" timestamp="2021-04-15T11:43:14 IST" skipped="0">
  <testcase classname="hoichoiAutomation.ScreenShot" name="ScreenShots" time="33.279"/>
  <system-out/>
</testsuite> <!-- hoichoiAutomation.ScreenShot -->
