<?xml version="1.0" encoding="UTF-8"?>
<!-- Generated by org.testng.reporters.JUnitReportReporter -->
<testsuite hostname="machine" failures="0" tests="1" name="hoichoiAutomation.HomePageModules" time="20.510" errors="0" timestamp="2021-04-16T11:56:21 IST" skipped="0">
  <testcase classname="hoichoiAutomation.HomePageModules" name="Home_modules" time="20.510"/>
  <system-out/>
</testsuite> <!-- hoichoiAutomation.HomePageModules -->
