<?xml version="1.0" encoding="UTF-8"?>
<!-- Generated by org.testng.reporters.JUnitReportReporter -->
<testsuite hostname="machine" failures="0" tests="1" name="hoichoiAutomation_NonUser.LoadTime" time="15.470" errors="0" timestamp="2021-04-09T20:23:05 IST" skipped="0">
  <testcase classname="hoichoiAutomation_NonUser.LoadTime" name="LoadTimeTest" time="15.470"/>
  <system-out/>
</testsuite> <!-- hoichoiAutomation_NonUser.LoadTime -->
