<?xml version="1.0" encoding="UTF-8"?>
<!-- Generated by org.testng.reporters.JUnitReportReporter -->
<testsuite hostname="machine" failures="0" tests="1" name="hoichoiAutomation.LoginTest" time="39.866" errors="0" timestamp="2021-04-16T14:50:58 IST" skipped="0">
  <testcase classname="hoichoiAutomation.LoginTest" name="loginTest" time="39.866"/>
  <system-out/>
</testsuite> <!-- hoichoiAutomation.LoginTest -->
