<?xml version="1.0" encoding="UTF-8"?>
<!-- Generated by org.testng.reporters.JUnitReportReporter -->
<testsuite hostname="machine" failures="0" tests="1" name="hoichoiAutomation.MatchGenres" time="12.338" errors="0" timestamp="2021-04-08T10:53:15 IST" skipped="0">
  <testcase classname="hoichoiAutomation.MatchGenres" name="GenresTest" time="12.338"/>
  <system-out/>
</testsuite> <!-- hoichoiAutomation.MatchGenres -->
