<?xml version="1.0" encoding="UTF-8"?>
<!-- Generated by org.testng.reporters.JUnitReportReporter -->
<testsuite hostname="machine" failures="0" tests="1" name="hoichoiAutomation.Downloads" time="44.300" errors="0" timestamp="2021-04-27T14:59:07 IST" skipped="0">
  <testcase classname="hoichoiAutomation.Downloads" name="DownloadsTest" time="44.300"/>
  <system-out/>
</testsuite> <!-- hoichoiAutomation.Downloads -->
