<?xml version="1.0" encoding="UTF-8"?>
<!-- Generated by org.testng.reporters.JUnitReportReporter -->
<testsuite hostname="machine" failures="0" tests="1" name="hoichoiAutomation.HomePage" time="9.791" errors="0" timestamp="2021-04-06T14:53:03 IST" skipped="0">
  <testcase classname="hoichoiAutomation.HomePage" name="HomePageTest" time="9.791"/>
  <system-out/>
</testsuite> <!-- hoichoiAutomation.HomePage -->
