<?xml version="1.0" encoding="UTF-8"?>
<!-- Generated by org.testng.reporters.JUnitReportReporter -->
<testsuite hostname="machine" failures="0" tests="1" name="hoichoiAutomation.DiscoveredPage" time="15.342" errors="0" timestamp="2021-04-15T11:43:14 IST" skipped="0">
  <testcase classname="hoichoiAutomation.DiscoveredPage" name="DiscoveredPageTest" time="15.342"/>
  <system-out/>
</testsuite> <!-- hoichoiAutomation.DiscoveredPage -->
