<?xml version="1.0" encoding="UTF-8"?>
<!-- Generated by org.testng.reporters.JUnitReportReporter -->
<testsuite hostname="machine" failures="0" tests="1" name="hoichoiAutomation.HomePage" time="20.353" errors="0" timestamp="2021-04-15T11:43:14 IST" skipped="0">
  <testcase classname="hoichoiAutomation.HomePage" name="HomePageTest" time="20.353"/>
  <system-out/>
</testsuite> <!-- hoichoiAutomation.HomePage -->
