<?xml version="1.0" encoding="UTF-8"?>
<!-- Generated by org.testng.reporters.JUnitReportReporter -->
<testsuite hostname="machine" failures="0" tests="1" name="hoichoiAutomation_NonUser.CheckBtns" time="34.480" errors="0" timestamp="2021-04-09T20:18:36 IST" skipped="0">
  <testcase classname="hoichoiAutomation_NonUser.CheckBtns" name="testAllBtns" time="34.480"/>
  <system-out/>
</testsuite> <!-- hoichoiAutomation_NonUser.CheckBtns -->
