<?xml version="1.0" encoding="UTF-8"?>
<!-- Generated by org.testng.reporters.JUnitReportReporter -->
<testsuite hostname="machine" failures="0" tests="1" name="hoichoiAutomation.Subscription" time="20.319" errors="0" timestamp="2021-04-15T11:43:14 IST" skipped="0">
  <testcase classname="hoichoiAutomation.Subscription" name="subTest" time="20.319"/>
  <system-out/>
</testsuite> <!-- hoichoiAutomation.Subscription -->
