<?xml version="1.0" encoding="UTF-8"?>
<!-- Generated by org.testng.reporters.JUnitReportReporter -->
<testsuite hostname="machine" failures="0" tests="1" name="dataDriven.LoginTest" time="15.544" errors="0" timestamp="2021-04-08T15:20:45 IST" skipped="0">
  <testcase classname="dataDriven.LoginTest" name="loginTest" time="15.544"/>
  <system-out/>
</testsuite> <!-- dataDriven.LoginTest -->
