<?xml version="1.0" encoding="UTF-8"?>
<!-- Generated by org.testng.reporters.JUnitReportReporter -->
<testsuite hostname="machine" failures="0" tests="1" name="dataDriven.LoginTest" time="16.120" errors="0" timestamp="2021-03-23T16:33:40 IST" skipped="0">
  <testcase classname="dataDriven.LoginTest" name="loginTest" time="16.120"/>
  <system-out/>
</testsuite> <!-- dataDriven.LoginTest -->
