<?xml version="1.0" encoding="UTF-8"?>
<!-- Generated by org.testng.reporters.JUnitReportReporter -->
<testsuite hostname="machine" failures="0" tests="1" name="hoichoiAutomation.GetTime" time="28.261" errors="0" timestamp="2021-04-13T17:31:19 IST" skipped="0">
  <testcase classname="hoichoiAutomation.GetTime" name="Get_Time" time="28.261"/>
  <system-out/>
</testsuite> <!-- hoichoiAutomation.GetTime -->
