<?xml version="1.0" encoding="UTF-8"?>
<!-- Generated by org.testng.reporters.JUnitReportReporter -->
<testsuite hostname="machine" failures="0" tests="1" name="hoichoiAutomation.Downloads" time="27.970" errors="0" timestamp="2021-04-12T15:17:17 IST" skipped="0">
  <testcase classname="hoichoiAutomation.Downloads" name="DownloadsTest" time="27.970"/>
  <system-out/>
</testsuite> <!-- hoichoiAutomation.Downloads -->
