<?xml version="1.0" encoding="UTF-8"?>
<!-- Generated by org.testng.reporters.JUnitReportReporter -->
<testsuite hostname="machine" failures="0" tests="1" name="hoichoiAutomation.DiscoveredPage" time="4.960" errors="0" timestamp="2021-04-06T14:55:31 IST" skipped="0">
  <testcase classname="hoichoiAutomation.DiscoveredPage" name="DiscoveredPageTest" time="4.960"/>
  <system-out/>
</testsuite> <!-- hoichoiAutomation.DiscoveredPage -->
