<?xml version="1.0" encoding="UTF-8"?>
<!-- Generated by org.testng.reporters.JUnitReportReporter -->
<testsuite hostname="machine" failures="0" tests="2" name="GenericTests.MainClass" time="9.170" errors="0" timestamp="2021-04-23T14:08:23 IST" skipped="0">
  <testcase classname="GenericTests.MainClass" name="LaunchApp" time="9.152"/>
  <system-out/>
  <testcase classname="GenericTests.MainClass" name="LaunchTime" time="0.018"/>
  <system-out/>
</testsuite> <!-- GenericTests.MainClass -->
