<?xml version="1.0" encoding="UTF-8"?>
<!-- Generated by org.testng.reporters.JUnitReportReporter -->
<testsuite hostname="machine" failures="0" tests="1" name="hoichoiAutomation.LoadingTime" time="8.164" errors="0" timestamp="2021-04-08T15:18:38 IST" skipped="0">
  <testcase classname="hoichoiAutomation.LoadingTime" name="LoadingTest" time="8.164"/>
  <system-out/>
</testsuite> <!-- hoichoiAutomation.LoadingTime -->
